<?xml version="1.0" encoding="UTF-8"?>
<!-- Generated by org.testng.reporters.JUnitXMLReporter -->
<testsuite ignored="0" hostname="LAPTOP-I47JPUBR" failures="1" tests="14" name="Free CRM App Test Cases" time="80.738" errors="0" timestamp="2023-02-12T12:20:51 IST">
  <testcase classname="com.crm.qa.testcases.LoginPageTest" name="loginPageTitleTest" time="0.017"/>
  <testcase classname="com.crm.qa.testcases.LoginPageTest" name="logoImageTest" time="0.117"/>
  <testcase classname="com.crm.qa.testcases.LoginPageTest" name="loginTest" time="0.519"/>
  <testcase classname="com.crm.qa.testcases.HomePageTest" name="addToCart" time="0.237"/>
  <testcase classname="com.crm.qa.testcases.HomePageTest" name="sortByPrice" time="0.428"/>
  <testcase classname="com.crm.qa.testcases.CheckOutPageTest" name="enterUserDetails" time="0.455"/>
  <testcase classname="com.crm.qa.testcases.CheckOutPageTest" name="enterUserDetailsFromSheet" time="0.37"/>
  <testcase classname="com.crm.qa.testcases.CheckOutPageTest" name="enterUserDetailsFromSheet" time="0.454"/>
  <testcase classname="com.crm.qa.testcases.OverViewPageTest" name="finishBtnClick" time="0.087"/>
  <testcase classname="com.crm.qa.testcases.OverViewPageTest" name="paymentInfoDisplayed" time="0.043"/>
  <testcase classname="com.crm.qa.testcases.OverViewPageTest" name="shippingInfoDisplayed" time="0.027"/>
  <testcase classname="com.crm.qa.testcases.OrderCompletePageTest" name="backHomeBtnClick" time="0.118"/>
  <testcase classname="com.crm.qa.testcases.OrderCompletePageTest" name="ponyExpressImageDisplayed" time="10.314">
    <failure type="org.openqa.selenium.NoSuchElementException" message="no such element: Unable to locate element: {&amp;quot;method&amp;quot;:&amp;quot;css selector&amp;quot;,&amp;quot;selector&amp;quot;:&amp;quot;.pony_express12345&amp;quot;}
  (Session info: MicrosoftEdge=110.0.1587.41)
For documentation on this error, please visit: https://selenium.dev/exceptions/#no_such_element
Build info: version: &amp;apos;4.8.0&amp;apos;, revision: &amp;apos;267030adea&amp;apos;
System info: os.name: &amp;apos;Windows 10&amp;apos;, os.arch: &amp;apos;amd64&amp;apos;, os.version: &amp;apos;10.0&amp;apos;, java.version: &amp;apos;17.0.5&amp;apos;
Driver info: org.openqa.selenium.edge.EdgeDriver
Command: [c65e801c03f22df1ac1998e720d36e11, findElement {using=class name, value=pony_express12345}]
Capabilities {acceptInsecureCerts: false, browserName: msedge, browserVersion: 110.0.1587.41, ms:edgeOptions: {debuggerAddress: localhost:52510}, msedge: {msedgedriverVersion: 109.0.1518.78 (4e4b32c38163..., userDataDir: C:\Users\User\AppData\Local...}, networkConnectionEnabled: false, pageLoadStrategy: normal, platformName: WINDOWS, proxy: Proxy(), se:cdp: ws://localhost:52510/devtoo..., se:cdpVersion: 110.0.1587.41, setWindowRect: true, strictFileInteractability: false, timeouts: {implicit: 0, pageLoad: 300000, script: 30000}, unhandledPromptBehavior: dismiss and notify, webauthn:extension:credBlob: true, webauthn:extension:largeBlob: true, webauthn:virtualAuthenticators: true}
Session ID: c65e801c03f22df1ac1998e720d36e11">
      <![CDATA[org.openqa.selenium.NoSuchElementException: no such element: Unable to locate element: {"method":"css selector","selector":".pony_express12345"}
  (Session info: MicrosoftEdge=110.0.1587.41)
For documentation on this error, please visit: https://selenium.dev/exceptions/#no_such_element
Build info: version: '4.8.0', revision: '267030adea'
System info: os.name: 'Windows 10', os.arch: 'amd64', os.version: '10.0', java.version: '17.0.5'
Driver info: org.openqa.selenium.edge.EdgeDriver
Command: [c65e801c03f22df1ac1998e720d36e11, findElement {using=class name, value=pony_express12345}]
Capabilities {acceptInsecureCerts: false, browserName: msedge, browserVersion: 110.0.1587.41, ms:edgeOptions: {debuggerAddress: localhost:52510}, msedge: {msedgedriverVersion: 109.0.1518.78 (4e4b32c38163..., userDataDir: C:\Users\User\AppData\Local...}, networkConnectionEnabled: false, pageLoadStrategy: normal, platformName: WINDOWS, proxy: Proxy(), se:cdp: ws://localhost:52510/devtoo..., se:cdpVersion: 110.0.1587.41, setWindowRect: true, strictFileInteractability: false, timeouts: {implicit: 0, pageLoad: 300000, script: 30000}, unhandledPromptBehavior: dismiss and notify, webauthn:extension:credBlob: true, webauthn:extension:largeBlob: true, webauthn:virtualAuthenticators: true}
Session ID: c65e801c03f22df1ac1998e720d36e11
at org.openqa.selenium.remote.codec.w3c.W3CHttpResponseCodec.createException(W3CHttpResponseCodec.java:200)
at org.openqa.selenium.remote.codec.w3c.W3CHttpResponseCodec.decode(W3CHttpResponseCodec.java:133)
at org.openqa.selenium.remote.codec.w3c.W3CHttpResponseCodec.decode(W3CHttpResponseCodec.java:53)
at org.openqa.selenium.remote.HttpCommandExecutor.execute(HttpCommandExecutor.java:184)
at org.openqa.selenium.remote.service.DriverCommandExecutor.invokeExecute(DriverCommandExecutor.java:167)
at org.openqa.selenium.remote.service.DriverCommandExecutor.execute(DriverCommandExecutor.java:142)
at org.openqa.selenium.remote.RemoteWebDriver.execute(RemoteWebDriver.java:543)
at org.openqa.selenium.remote.ElementLocation$ElementFinder$2.findElement(ElementLocation.java:162)
at org.openqa.selenium.remote.ElementLocation.findElement(ElementLocation.java:60)
at org.openqa.selenium.remote.RemoteWebDriver.findElement(RemoteWebDriver.java:352)
at org.openqa.selenium.remote.RemoteWebDriver.findElement(RemoteWebDriver.java:344)
at org.openqa.selenium.support.events.EventFiringWebDriver.lambda$new$1(EventFiringWebDriver.java:106)
at jdk.proxy2/jdk.proxy2.$Proxy16.findElement(Unknown Source)
at org.openqa.selenium.support.events.EventFiringWebDriver.findElement(EventFiringWebDriver.java:195)
at org.openqa.selenium.support.pagefactory.DefaultElementLocator.findElement(DefaultElementLocator.java:70)
at org.openqa.selenium.support.pagefactory.internal.LocatingElementHandler.invoke(LocatingElementHandler.java:39)
at jdk.proxy2/jdk.proxy2.$Proxy20.isDisplayed(Unknown Source)
at com.crm.qa.pages.OrderCompletePage.imageDisplayed(OrderCompletePage.java:28)
at com.crm.qa.testcases.OrderCompletePageTest.ponyExpressImageDisplayed(OrderCompletePageTest.java:44)
at java.base/java.util.ArrayList.forEach(ArrayList.java:1511)
... Removed 35 stack frames]]>
    </failure>
  </testcase> <!-- ponyExpressImageDisplayed -->
  <testcase classname="com.crm.qa.testcases.OrderCompletePageTest" name="thankYouMessagedisplayed" time="0.037"/>
</testsuite> <!-- Free CRM App Test Cases -->
